> Task :compileJava UP-TO-DATE
> Task :processResources UP-TO-DATE
> Task :classes UP-TO-DATE
> Task :compileTestJava UP-TO-DATE
> Task :processTestResources NO-SOURCE
> Task :testClasses UP-TO-DATE

> Task :test FAILED

GithubActionApplicationTests > sumar() FAILED
    org.opentest4j.AssertionFailedError at GithubActionApplicationTests.java:22
4 actionable tasks: 1 executed, 3 up-to-date
